C51 COMPILER V9.60.0.0   LED8                                                              01/08/2021 19:05:39 PAGE 1   


C51 COMPILER V9.60.0.0, COMPILATION OF MODULE LED8
OBJECT MODULE PLACED IN .\Out_File\led8.obj
COMPILER INVOKED BY: D:\Keil_v5\C51\BIN\C51.EXE ..\Device\led8.c LARGE OPTIMIZE(8,SPEED) BROWSE INCDIR(..\Device;..\Libr
                    -aries;..\User) DEBUG OBJECTEXTEND PRINT(.\led8.lst) OBJECT(.\Out_File\led8.obj)

line level    source

   1          #include "led8.h"
   2          #include "sys.h"
   3          
   4          //========================================================================
   5          // 描述: 使能LED.
   6          // 参数: none.
   7          // 返回: none.
   8          //========================================================================
   9          void led8_enable()
  10          {
  11   1          LED8_CONTROL_MODE;//推挽输出
  12   1          LED8_CONTROL_PIN = 0;
  13   1      }
  14          
  15          //========================================================================
  16          // 描述: 禁用LED.
  17          // 参数: none.
  18          // 返回: none.
  19          //========================================================================
  20          void led8_disable()
  21          {
  22   1          LED8_CONTROL_MODE;//推挽输出
  23   1          LED8_CONTROL_PIN = 1;
  24   1      }
  25          
  26          void led8_run(){
  27   1          static uint8 led_b = 0xfe;
  28   1          static uint8 flag = 0;
  29   1          if(led_b == 0x7f){
  30   2              flag = !flag;
  31   2          }else if(led_b == 0xfe && flag){
  32   2              flag = !flag;
  33   2          }
  34   1          LED8 = led_b;
  35   1          led_b = !flag?(led_b<<1)|0x01:(led_b>>1)|0x80;
  36   1      }


MODULE INFORMATION:   STATIC OVERLAYABLE
   CODE SIZE        =    105    ----
   CONSTANT SIZE    =   ----    ----
   XDATA SIZE       =      2    ----
   PDATA SIZE       =   ----    ----
   DATA SIZE        =   ----    ----
   IDATA SIZE       =   ----    ----
   BIT SIZE         =   ----    ----
END OF MODULE INFORMATION.


C51 COMPILATION COMPLETE.  0 WARNING(S),  0 ERROR(S)
